SF:lib/src/binding/appbinding.dart
DA:5,2
DA:7,6
LF:2
LH:2
end_of_record
SF:lib/src/controller/task_controller.dart
DA:11,4
DA:13,4
DA:14,4
DA:17,4
DA:18,8
DA:19,8
DA:23,4
DA:24,2
DA:25,2
DA:26,1
DA:28,2
DA:31,1
DA:33,3
DA:41,1
DA:50,2
DA:53,1
DA:54,1
DA:55,1
DA:56,1
DA:57,1
DA:58,1
DA:59,1
DA:62,4
DA:64,6
DA:65,2
DA:66,2
DA:70,1
DA:71,3
DA:72,6
DA:75,3
DA:76,3
DA:77,5
DA:78,14
DA:79,6
DA:80,4
LF:35
LH:35
end_of_record
SF:lib/src/model/task_model.dart
DA:8,3
DA:16,4
DA:17,2
DA:18,2
DA:19,2
DA:20,4
DA:23,4
DA:25,2
DA:26,2
DA:27,2
DA:29,8
LF:11
LH:11
end_of_record
SF:lib/app.dart
DA:8,1
DA:10,1
DA:12,1
DA:14,1
LF:4
LH:4
end_of_record
SF:lib/src/screens/homepage.dart
DA:13,3
DA:15,2
DA:17,4
DA:18,2
DA:20,2
DA:28,2
DA:29,2
DA:30,2
DA:36,2
DA:37,2
DA:38,2
DA:43,2
DA:46,2
DA:53,4
DA:54,2
DA:55,6
DA:57,2
DA:59,1
DA:67,1
DA:68,1
DA:69,1
DA:70,1
DA:72,1
DA:73,1
DA:74,4
DA:76,1
DA:79,1
DA:80,1
DA:81,1
DA:83,1
DA:85,1
DA:91,1
DA:92,4
DA:96,3
DA:108,1
DA:109,1
DA:113,1
LF:37
LH:37
end_of_record
SF:lib/src/utils/strings.dart
DA:7,2
LF:1
LH:1
end_of_record
SF:lib/src/utils/text_styles.dart
DA:14,1
DA:18,1
LF:2
LH:2
end_of_record
SF:lib/src/widgets/app_icon.dart
DA:9,5
DA:16,1
DA:18,1
DA:19,1
DA:20,0
DA:22,1
DA:23,3
DA:25,1
DA:26,0
DA:28,1
DA:29,0
DA:31,1
DA:32,3
DA:34,0
DA:35,0
DA:37,0
DA:38,0
LF:17
LH:10
end_of_record
SF:lib/src/widgets/custom_buttom_sheet.dart
DA:11,2
DA:13,1
DA:14,1
DA:25,1
DA:27,1
DA:28,1
DA:29,3
DA:34,1
DA:36,1
DA:37,1
DA:38,1
DA:40,1
DA:46,1
DA:47,1
DA:48,0
DA:49,0
DA:57,1
DA:59,1
DA:61,7
DA:63,0
DA:64,0
DA:66,0
DA:67,0
DA:68,0
DA:72,0
DA:78,1
DA:80,1
DA:81,4
DA:82,2
DA:83,1
DA:87,0
DA:89,0
DA:90,0
DA:91,0
DA:92,0
DA:94,0
LF:36
LH:22
end_of_record
SF:lib/src/widgets/custom_text.dart
DA:7,7
DA:13,2
DA:15,2
DA:16,2
DA:17,8
LF:5
LH:5
end_of_record
SF:lib/src/screens/task_list_by_date_page.dart
DA:13,1
DA:17,1
DA:19,2
DA:20,2
DA:21,2
DA:22,5
DA:23,5
DA:24,5
DA:25,1
DA:27,1
DA:29,1
DA:31,1
DA:32,7
DA:36,1
DA:37,1
DA:38,1
DA:39,1
DA:40,1
DA:41,1
DA:42,1
DA:43,0
DA:44,1
DA:45,1
DA:46,1
DA:47,1
DA:48,1
DA:51,1
DA:53,1
DA:54,1
DA:55,1
DA:57,0
LF:31
LH:29
end_of_record
SF:lib/src/widgets/app_icon_button.dart
DA:12,1
DA:20,1
DA:22,1
DA:23,1
DA:24,1
DA:25,1
DA:27,1
DA:28,1
DA:30,1
DA:32,0
DA:33,0
DA:34,0
DA:36,0
DA:37,0
DA:39,0
DA:42,0
DA:43,0
DA:44,0
DA:46,0
DA:47,0
DA:49,0
LF:21
LH:9
end_of_record
SF:lib/src/widgets/app_elevated_button.dart
DA:11,1
DA:17,1
DA:18,1
DA:22,1
DA:23,1
DA:29,1
DA:31,1
DA:32,1
DA:33,1
DA:34,1
DA:35,1
DA:42,0
DA:43,0
DA:44,0
DA:45,0
DA:52,0
DA:53,0
DA:54,0
DA:55,0
LF:19
LH:11
end_of_record
SF:lib/src/widgets/custom_text_field.dart
DA:8,1
DA:15,1
DA:17,1
DA:18,1
DA:19,1
DA:20,1
DA:21,1
LF:7
LH:7
end_of_record
SF:lib/src/services/hive_service.dart
DA:4,4
DA:6,1
DA:7,6
DA:10,1
DA:11,2
DA:14,1
DA:15,2
DA:18,1
DA:19,2
LF:9
LH:9
end_of_record
